
Showing logs for build [32mpns-si5-al-creditrama-d-1920-cr-49j4l-3[0m stage [32mfrom-build-pack[0m and container [32mstep-credential-initializer-ntpjg[0m
{"level":"warn","ts":1579555371.1651268,"logger":"fallback-logger","caller":"logging/config.go:69","msg":"Fetch GitHub commit ID from kodata failed: \"ref: refs/heads/0.8.0-**-support-backwards-incompats\" is not a valid GitHub commit ID"}
{"level":"info","ts":1579555371.1658628,"logger":"fallback-logger","caller":"creds-init/main.go:40","msg":"Credentials initialized."}

Showing logs for build [32mpns-si5-al-creditrama-d-1920-cr-49j4l-3[0m stage [32mfrom-build-pack[0m and container [32mstep-working-dir-initializer-smxdk[0m
{"level":"warn","ts":1579555377.1654723,"logger":"fallback-logger","caller":"logging/config.go:69","msg":"Fetch GitHub commit ID from kodata failed: open /var/run/ko/HEAD: no such file or directory"}
{"level":"info","ts":1579555377.1670377,"logger":"fallback-logger","caller":"bash/main.go:64","msg":"Successfully executed command \"sh -c mkdir -p /workspace/source\"; output "}

Showing logs for build [32mpns-si5-al-creditrama-d-1920-cr-49j4l-3[0m stage [32mfrom-build-pack[0m and container [32mstep-place-tools[0m

Showing logs for build [32mpns-si5-al-creditrama-d-1920-cr-49j4l-3[0m stage [32mfrom-build-pack[0m and container [32mstep-git-source-pns-si5-al-creditrama-d-1920-cr-qk9pb[0m
{"level":"warn","ts":1579555430.666951,"logger":"fallback-logger","caller":"logging/config.go:69","msg":"Fetch GitHub commit ID from kodata failed: \"ref: refs/heads/0.8.0-**-support-backwards-incompats\" is not a valid GitHub commit ID"}
{"level":"info","ts":1579555432.0681841,"logger":"fallback-logger","caller":"git/git.go:103","msg":"Successfully cloned https://github.com/pns-si5-al-creditrama-d-1920/creditrama-team-d-authorization-service.git @ v0.0.4 in path /workspace/source"}

Showing logs for build [32mpns-si5-al-creditrama-d-1920-cr-49j4l-3[0m stage [32mfrom-build-pack[0m and container [32mstep-git-merge[0m
Using SHAs from PULL_REFS=master:e891d77e3f647e45d933764601bb8ce481f4e257
WARNING: no SHAs to merge, falling back to initial cloned commit

Showing logs for build [32mpns-si5-al-creditrama-d-1920-cr-49j4l-3[0m stage [32mfrom-build-pack[0m and container [32mstep-setup-jx-git-credentials[0m
Generated Git credentials file /workspace/xdg_config/git/credentials

Showing logs for build [32mpns-si5-al-creditrama-d-1920-cr-49j4l-3[0m stage [32mfrom-build-pack[0m and container [32mstep-build-mvn-deploy[0m
Picked up _JAVA_OPTIONS: -XX:+UnlockExperimentalVMOptions -XX:+UseCGroupMemoryLimitForHeap -Dsun.zip.disableMemoryMapping=true -XX:+UseParallelGC -XX:MinHeapFreeRatio=5 -XX:MaxHeapFreeRatio=10 -XX:GCTimeRatio=4 -XX:AdaptiveSizePolicyWeight=90 -Xms10m -Xmx192m
OpenJDK 64-Bit Server VM warning: If the number of processors is expected to increase from one, then you should configure the number of parallel GC threads appropriately using -XX:ParallelGCThreads=N
[INFO] Scanning for projects...
[WARNING] 
[WARNING] Some problems were encountered while building the effective model for fr.unice.polytech.si5.al.creditrama.teamd:authorization-service:jar:0.0.4
[WARNING] 'dependencies.dependency.(groupId:artifactId:type:classifier)' must be unique: org.springframework.security.oauth.boot:spring-security-oauth2-autoconfigure:jar -> duplicate declaration of version 2.1.8.RELEASE @ line 67, column 21
[WARNING] 'dependencies.dependency.(groupId:artifactId:type:classifier)' must be unique: org.springframework.security.oauth.boot:spring-security-oauth2-autoconfigure:jar -> duplicate declaration of version 2.1.8.RELEASE @ line 73, column 21
[WARNING] 
[WARNING] It is highly recommended to fix these problems because they threaten the stability of your build.
[WARNING] 
[WARNING] For this reason, future Maven versions might no longer support building such malformed projects.
[WARNING] 
[INFO] 
[INFO] --< fr.unice.polytech.si5.al.creditrama.teamd:authorization-service >---
[INFO] Building authorization-service 0.0.4
[INFO] --------------------------------[ jar ]---------------------------------
[INFO] 
[INFO] --- maven-clean-plugin:3.1.0:clean (default-clean) @ authorization-service ---
[INFO] 
[INFO] --- maven-resources-plugin:3.1.0:resources (default-resources) @ authorization-service ---
[INFO] Using 'UTF-8' encoding to copy filtered resources.
[INFO] Copying 3 resources
[INFO] 
[INFO] --- maven-compiler-plugin:3.8.1:compile (default-compile) @ authorization-service ---
[INFO] Changes detected - recompiling the module!
[INFO] Compiling 16 source files to /workspace/source/target/classes
[INFO] 
[INFO] --- maven-resources-plugin:3.1.0:testResources (default-testResources) @ authorization-service ---
[INFO] Using 'UTF-8' encoding to copy filtered resources.
[INFO] Copying 1 resource
[INFO] 
[INFO] --- maven-compiler-plugin:3.8.1:testCompile (default-testCompile) @ authorization-service ---
[INFO] Changes detected - recompiling the module!
[INFO] Compiling 1 source file to /workspace/source/target/test-classes
[INFO] 
[INFO] --- maven-surefire-plugin:3.0.0-M1:test (default-test) @ authorization-service ---
[INFO] 
[INFO] -------------------------------------------------------
[INFO]  T E S T S
[INFO] -------------------------------------------------------
[INFO] Running fr.unice.polytech.si5.al.creditrama.teamd.authorizationservice.AuthorizationServiceApplicationTests
21:24:27.188 [main] DEBUG org.springframework.test.context.junit4.SpringJUnit4ClassRunner - SpringJUnit4ClassRunner constructor called with [class fr.unice.polytech.si5.al.creditrama.teamd.authorizationservice.AuthorizationServiceApplicationTests]
21:24:27.193 [main] DEBUG org.springframework.test.context.BootstrapUtils - Instantiating CacheAwareContextLoaderDelegate from class [org.springframework.test.context.cache.DefaultCacheAwareContextLoaderDelegate]
21:24:27.199 [main] DEBUG org.springframework.test.context.BootstrapUtils - Instantiating BootstrapContext using constructor [public org.springframework.test.context.support.DefaultBootstrapContext(java.lang.Class,org.springframework.test.context.CacheAwareContextLoaderDelegate)]
21:24:27.218 [main] DEBUG org.springframework.test.context.BootstrapUtils - Instantiating TestContextBootstrapper for test class [fr.unice.polytech.si5.al.creditrama.teamd.authorizationservice.AuthorizationServiceApplicationTests] from class [org.springframework.boot.test.context.SpringBootTestContextBootstrapper]
21:24:27.292 [main] INFO org.springframework.boot.test.context.SpringBootTestContextBootstrapper - Neither @ContextConfiguration nor @ContextHierarchy found for test class [fr.unice.polytech.si5.al.creditrama.teamd.authorizationservice.AuthorizationServiceApplicationTests], using SpringBootContextLoader
21:24:27.295 [main] DEBUG org.springframework.test.context.support.AbstractContextLoader - Did not detect default resource location for test class [fr.unice.polytech.si5.al.creditrama.teamd.authorizationservice.AuthorizationServiceApplicationTests]: class path resource [fr/unice/polytech/si5/al/creditrama/teamd/authorizationservice/AuthorizationServiceApplicationTests-context.xml] does not exist
21:24:27.295 [main] DEBUG org.springframework.test.context.support.AbstractContextLoader - Did not detect default resource location for test class [fr.unice.polytech.si5.al.creditrama.teamd.authorizationservice.AuthorizationServiceApplicationTests]: class path resource [fr/unice/polytech/si5/al/creditrama/teamd/authorizationservice/AuthorizationServiceApplicationTestsContext.groovy] does not exist
21:24:27.295 [main] INFO org.springframework.test.context.support.AbstractContextLoader - Could not detect default resource locations for test class [fr.unice.polytech.si5.al.creditrama.teamd.authorizationservice.AuthorizationServiceApplicationTests]: no resource found for suffixes {-context.xml, Context.groovy}.
21:24:27.296 [main] INFO org.springframework.test.context.support.AnnotationConfigContextLoaderUtils - Could not detect default configuration classes for test class [fr.unice.polytech.si5.al.creditrama.teamd.authorizationservice.AuthorizationServiceApplicationTests]: AuthorizationServiceApplicationTests does not declare any static, non-private, non-final, nested classes annotated with @Configuration.
21:24:27.400 [main] DEBUG org.springframework.test.context.support.ActiveProfilesUtils - Could not find an 'annotation declaring class' for annotation type [org.springframework.test.context.ActiveProfiles] and class [fr.unice.polytech.si5.al.creditrama.teamd.authorizationservice.AuthorizationServiceApplicationTests]
21:24:27.594 [main] DEBUG org.springframework.context.annotation.ClassPathScanningCandidateComponentProvider - Identified candidate component class: file [/workspace/source/target/classes/fr/unice/polytech/si5/al/creditrama/teamd/authorizationservice/AuthorizationServiceApplication.class]
21:24:27.595 [main] INFO org.springframework.boot.test.context.SpringBootTestContextBootstrapper - Found @SpringBootConfiguration fr.unice.polytech.si5.al.creditrama.teamd.authorizationservice.AuthorizationServiceApplication for test class fr.unice.polytech.si5.al.creditrama.teamd.authorizationservice.AuthorizationServiceApplicationTests
21:24:27.816 [main] DEBUG org.springframework.boot.test.context.SpringBootTestContextBootstrapper - @TestExecutionListeners is not present for class [fr.unice.polytech.si5.al.creditrama.teamd.authorizationservice.AuthorizationServiceApplicationTests]: using defaults.
21:24:27.817 [main] INFO org.springframework.boot.test.context.SpringBootTestContextBootstrapper - Loaded default TestExecutionListener class names from location [META-INF/spring.factories]: [org.springframework.boot.test.mock.mockito.MockitoTestExecutionListener, org.springframework.boot.test.mock.mockito.ResetMocksTestExecutionListener, org.springframework.boot.test.autoconfigure.restdocs.RestDocsTestExecutionListener, org.springframework.boot.test.autoconfigure.web.client.MockRestServiceServerResetTestExecutionListener, org.springframework.boot.test.autoconfigure.web.servlet.MockMvcPrintOnlyOnFailureTestExecutionListener, org.springframework.boot.test.autoconfigure.web.servlet.WebDriverTestExecutionListener, org.springframework.test.context.web.ServletTestExecutionListener, org.springframework.test.context.support.DirtiesContextBeforeModesTestExecutionListener, org.springframework.test.context.support.DependencyInjectionTestExecutionListener, org.springframework.test.context.support.DirtiesContextTestExecutionListener, org.springframework.test.context.transaction.TransactionalTestExecutionListener, org.springframework.test.context.jdbc.SqlScriptsTestExecutionListener]
21:24:27.832 [main] INFO org.springframework.boot.test.context.SpringBootTestContextBootstrapper - Using TestExecutionListeners: [org.springframework.test.context.web.ServletTestExecutionListener@5c33f1a9, org.springframework.test.context.support.DirtiesContextBeforeModesTestExecutionListener@1623b78d, org.springframework.boot.test.mock.mockito.MockitoTestExecutionListener@c8c12ac, org.springframework.boot.test.autoconfigure.SpringBootDependencyInjectionTestExecutionListener@6adbc9d, org.springframework.test.context.support.DirtiesContextTestExecutionListener@4550bb58, org.springframework.test.context.transaction.TransactionalTestExecutionListener@4ec4f3a0, org.springframework.test.context.jdbc.SqlScriptsTestExecutionListener@223191a6, org.springframework.boot.test.mock.mockito.ResetMocksTestExecutionListener@49139829, org.springframework.boot.test.autoconfigure.restdocs.RestDocsTestExecutionListener@9597028, org.springframework.boot.test.autoconfigure.web.client.MockRestServiceServerResetTestExecutionListener@6069db50, org.springframework.boot.test.autoconfigure.web.servlet.MockMvcPrintOnlyOnFailureTestExecutionListener@4efbca5a, org.springframework.boot.test.autoconfigure.web.servlet.WebDriverTestExecutionListener@1b7cc17c]
21:24:27.882 [main] DEBUG org.springframework.test.annotation.ProfileValueUtils - Retrieved @ProfileValueSourceConfiguration [null] for test class [fr.unice.polytech.si5.al.creditrama.teamd.authorizationservice.AuthorizationServiceApplicationTests]
21:24:27.883 [main] DEBUG org.springframework.test.annotation.ProfileValueUtils - Retrieved ProfileValueSource type [class org.springframework.test.annotation.SystemProfileValueSource] for class [fr.unice.polytech.si5.al.creditrama.teamd.authorizationservice.AuthorizationServiceApplicationTests]
21:24:27.884 [main] DEBUG org.springframework.test.annotation.ProfileValueUtils - Retrieved @ProfileValueSourceConfiguration [null] for test class [fr.unice.polytech.si5.al.creditrama.teamd.authorizationservice.AuthorizationServiceApplicationTests]
21:24:27.884 [main] DEBUG org.springframework.test.annotation.ProfileValueUtils - Retrieved ProfileValueSource type [class org.springframework.test.annotation.SystemProfileValueSource] for class [fr.unice.polytech.si5.al.creditrama.teamd.authorizationservice.AuthorizationServiceApplicationTests]
21:24:27.885 [main] DEBUG org.springframework.test.annotation.ProfileValueUtils - Retrieved @ProfileValueSourceConfiguration [null] for test class [fr.unice.polytech.si5.al.creditrama.teamd.authorizationservice.AuthorizationServiceApplicationTests]
21:24:27.885 [main] DEBUG org.springframework.test.annotation.ProfileValueUtils - Retrieved ProfileValueSource type [class org.springframework.test.annotation.SystemProfileValueSource] for class [fr.unice.polytech.si5.al.creditrama.teamd.authorizationservice.AuthorizationServiceApplicationTests]
21:24:27.888 [main] DEBUG org.springframework.test.context.support.AbstractDirtiesContextTestExecutionListener - Before test class: context [DefaultTestContext@4562e04d testClass = AuthorizationServiceApplicationTests, testInstance = [null], testMethod = [null], testException = [null], mergedContextConfiguration = [WebMergedContextConfiguration@2a65fe7c testClass = AuthorizationServiceApplicationTests, locations = '{}', classes = '{class fr.unice.polytech.si5.al.creditrama.teamd.authorizationservice.AuthorizationServiceApplication}', contextInitializerClasses = '[]', activeProfiles = '{}', propertySourceLocations = '{}', propertySourceProperties = '{org.springframework.boot.test.context.SpringBootTestContextBootstrapper=true}', contextCustomizers = set[org.springframework.boot.test.context.filter.ExcludeFilterContextCustomizer@42d8062c, org.springframework.boot.test.json.DuplicateJsonObjectContextCustomizerFactory$DuplicateJsonObjectContextCustomizer@59906517, org.springframework.boot.test.mock.mockito.MockitoContextCustomizer@0, org.springframework.boot.test.web.client.TestRestTemplateContextCustomizer@612fc6eb, org.springframework.boot.test.autoconfigure.properties.PropertyMappingContextCustomizer@0, org.springframework.boot.test.autoconfigure.web.servlet.WebDriverContextCustomizerFactory$Customizer@64f6106c], resourceBasePath = 'src/main/webapp', contextLoader = 'org.springframework.boot.test.context.SpringBootContextLoader', parent = [null]], attributes = map['org.springframework.test.context.web.ServletTestExecutionListener.activateListener' -> true]], class annotated with @DirtiesContext [false] with mode [null].
21:24:27.888 [main] DEBUG org.springframework.test.annotation.ProfileValueUtils - Retrieved @ProfileValueSourceConfiguration [null] for test class [fr.unice.polytech.si5.al.creditrama.teamd.authorizationservice.AuthorizationServiceApplicationTests]
21:24:27.888 [main] DEBUG org.springframework.test.annotation.ProfileValueUtils - Retrieved ProfileValueSource type [class org.springframework.test.annotation.SystemProfileValueSource] for class [fr.unice.polytech.si5.al.creditrama.teamd.authorizationservice.AuthorizationServiceApplicationTests]
21:24:27.908 [main] DEBUG org.springframework.test.context.support.TestPropertySourceUtils - Adding inlined properties to environment: {spring.jmx.enabled=false, org.springframework.boot.test.context.SpringBootTestContextBootstrapper=true, server.port=-1}
2020-01-20 21:24:29.885  INFO 70 --- [           main] trationDelegate$BeanPostProcessorChecker : Bean 'org.springframework.cloud.autoconfigure.ConfigurationPropertiesRebinderAutoConfiguration' of type [org.springframework.cloud.autoconfigure.ConfigurationPropertiesRebinderAutoConfiguration$$EnhancerBySpringCGLIB$$cdc29aae] is not eligible for getting processed by all BeanPostProcessors (for example: not eligible for auto-proxying)

  .   ____          _            __ _ _
 /\\ / ___'_ __ _ _(_)_ __  __ _ \ \ \ \
( ( )\___ | '_ | '_| | '_ \/ _` | \ \ \ \
 \\/  ___)| |_)| | | | | || (_| |  ) ) ) )
  '  |____| .__|_| |_|_| |_\__, | / / / /
 =========|_|==============|___/=/_/_/_/
 :: Spring Boot ::        (v2.1.9.RELEASE)

2020-01-20 21:24:30.888  INFO 70 --- [           main] t.a.AuthorizationServiceApplicationTests : No active profile set, falling back to default profiles: default
2020-01-20 21:24:33.515  INFO 70 --- [           main] .s.d.r.c.RepositoryConfigurationDelegate : Bootstrapping Spring Data repositories in DEFAULT mode.
2020-01-20 21:24:33.712  INFO 70 --- [           main] .s.d.r.c.RepositoryConfigurationDelegate : Finished Spring Data repository scanning in 128ms. Found 3 repository interfaces.
2020-01-20 21:24:34.920  INFO 70 --- [           main] o.s.cloud.context.scope.GenericScope     : BeanFactory id=786a8f57-9bb2-34dd-9d22-35caf6a0375f
2020-01-20 21:24:35.389  INFO 70 --- [           main] trationDelegate$BeanPostProcessorChecker : Bean 'org.springframework.transaction.annotation.ProxyTransactionManagementConfiguration' of type [org.springframework.transaction.annotation.ProxyTransactionManagementConfiguration$$EnhancerBySpringCGLIB$$b1a897b1] is not eligible for getting processed by all BeanPostProcessors (for example: not eligible for auto-proxying)
2020-01-20 21:24:35.682  INFO 70 --- [           main] trationDelegate$BeanPostProcessorChecker : Bean 'org.springframework.cloud.autoconfigure.ConfigurationPropertiesRebinderAutoConfiguration' of type [org.springframework.cloud.autoconfigure.ConfigurationPropertiesRebinderAutoConfiguration$$EnhancerBySpringCGLIB$$cdc29aae] is not eligible for getting processed by all BeanPostProcessors (for example: not eligible for auto-proxying)
2020-01-20 21:24:36.198  INFO 70 --- [           main] com.zaxxer.hikari.HikariDataSource       : HikariPool-1 - Starting...
2020-01-20 21:24:36.601  INFO 70 --- [           main] com.zaxxer.hikari.HikariDataSource       : HikariPool-1 - Start completed.
2020-01-20 21:24:37.400  INFO 70 --- [           main] o.hibernate.jpa.internal.util.LogHelper  : HHH000204: Processing PersistenceUnitInfo [
	name: default
	...]
2020-01-20 21:24:37.523  INFO 70 --- [           main] org.hibernate.Version                    : HHH000412: Hibernate Core {5.3.12.Final}
2020-01-20 21:24:37.524  INFO 70 --- [           main] org.hibernate.cfg.Environment            : HHH000206: hibernate.properties not found
2020-01-20 21:24:37.815  INFO 70 --- [           main] o.hibernate.annotations.common.Version   : HCANN000001: Hibernate Commons Annotations {5.0.4.Final}
2020-01-20 21:24:38.118  INFO 70 --- [           main] org.hibernate.dialect.Dialect            : HHH000400: Using dialect: org.hibernate.dialect.H2Dialect
2020-01-20 21:24:40.319  INFO 70 --- [           main] o.h.t.schema.internal.SchemaCreatorImpl  : HHH000476: Executing import script 'org.hibernate.tool.schema.internal.exec.ScriptSourceInputNonExistentImpl@214fba74'
2020-01-20 21:24:40.385  INFO 70 --- [           main] j.LocalContainerEntityManagerFactoryBean : Initialized JPA EntityManagerFactory for persistence unit 'default'
2020-01-20 21:24:44.225  INFO 70 --- [           main] o.s.s.concurrent.ThreadPoolTaskExecutor  : Initializing ExecutorService 'applicationTaskExecutor'
2020-01-20 21:24:44.386  WARN 70 --- [           main] aWebConfiguration$JpaWebMvcConfiguration : spring.jpa.open-in-view is enabled by default. Therefore, database queries may be performed during view rendering. Explicitly configure spring.jpa.open-in-view to disable this warning
2020-01-20 21:24:47.730  INFO 70 --- [           main] o.s.s.web.DefaultSecurityFilterChain     : Creating filter chain: Ant [pattern='/oauth/token', OPTIONS], []
2020-01-20 21:24:47.995  INFO 70 --- [           main] o.s.s.web.DefaultSecurityFilterChain     : Creating filter chain: OrRequestMatcher [requestMatchers=[Ant [pattern='/oauth/token'], Ant [pattern='/oauth/token_key'], Ant [pattern='/oauth/check_token']]], [org.springframework.security.web.context.request.async.WebAsyncManagerIntegrationFilter@e890591, org.springframework.security.web.context.SecurityContextPersistenceFilter@6fe9c048, org.springframework.security.web.header.HeaderWriterFilter@7b9fea11, org.springframework.security.web.authentication.logout.LogoutFilter@2d23a5be, org.springframework.security.oauth2.provider.client.ClientCredentialsTokenEndpointFilter@7af56b26, org.springframework.security.web.authentication.www.BasicAuthenticationFilter@366bf608, org.springframework.security.web.savedrequest.RequestCacheAwareFilter@1ddba7a0, org.springframework.security.web.servletapi.SecurityContextHolderAwareRequestFilter@67cd84f9, org.springframework.security.web.authentication.AnonymousAuthenticationFilter@1aaf73b7, org.springframework.security.web.session.SessionManagementFilter@56e78538, org.springframework.security.web.access.ExceptionTranslationFilter@49338f3, org.springframework.security.web.access.intercept.FilterSecurityInterceptor@5718e77c]
2020-01-20 21:24:48.007  INFO 70 --- [           main] o.s.s.web.DefaultSecurityFilterChain     : Creating filter chain: org.springframework.security.oauth2.config.annotation.web.configuration.ResourceServerConfiguration$NotOAuthRequestMatcher@24e7087a, [org.springframework.security.web.context.request.async.WebAsyncManagerIntegrationFilter@5bb3dee7, org.springframework.security.web.context.SecurityContextPersistenceFilter@54033a65, org.springframework.security.web.header.HeaderWriterFilter@2728add3, org.springframework.security.web.authentication.logout.LogoutFilter@131b58d4, org.springframework.security.oauth2.provider.authentication.OAuth2AuthenticationProcessingFilter@2c731a16, org.springframework.security.web.savedrequest.RequestCacheAwareFilter@4fb99927, org.springframework.security.web.servletapi.SecurityContextHolderAwareRequestFilter@2d9df336, org.springframework.security.web.authentication.AnonymousAuthenticationFilter@284f25e6, org.springframework.security.web.session.SessionManagementFilter@4fce3ed7, org.springframework.security.web.access.ExceptionTranslationFilter@5e3d84a, org.springframework.security.web.access.intercept.FilterSecurityInterceptor@40b8158d]
2020-01-20 21:24:48.094  INFO 70 --- [           main] o.s.s.web.DefaultSecurityFilterChain     : Creating filter chain: any request, [org.springframework.security.web.context.request.async.WebAsyncManagerIntegrationFilter@19e5e110, org.springframework.security.web.context.SecurityContextPersistenceFilter@3e1897d, org.springframework.security.web.header.HeaderWriterFilter@1978b0d5, org.springframework.security.web.csrf.CsrfFilter@7c200e57, org.springframework.security.web.authentication.logout.LogoutFilter@7865cc83, org.springframework.security.web.authentication.UsernamePasswordAuthenticationFilter@753e4eb5, org.springframework.security.web.authentication.ui.DefaultLoginPageGeneratingFilter@77401977, org.springframework.security.web.authentication.ui.DefaultLogoutPageGeneratingFilter@1e295f7f, org.springframework.security.web.authentication.www.BasicAuthenticationFilter@63318b56, org.springframework.security.web.savedrequest.RequestCacheAwareFilter@7cdb05aa, org.springframework.security.web.servletapi.SecurityContextHolderAwareRequestFilter@2079fcfc, org.springframework.security.web.authentication.AnonymousAuthenticationFilter@4b762988, org.springframework.security.web.session.SessionManagementFilter@6556471b, org.springframework.security.web.access.ExceptionTranslationFilter@d0e4972, org.springframework.security.web.access.intercept.FilterSecurityInterceptor@126d0868]
2020-01-20 21:24:48.916  INFO 70 --- [           main] o.s.b.a.e.web.EndpointLinksResolver      : Exposing 2 endpoint(s) beneath base path '/actuator'
2020-01-20 21:24:49.112  INFO 70 --- [           main] t.a.AuthorizationServiceApplicationTests : Started AuthorizationServiceApplicationTests in 21.196 seconds (JVM running for 22.999)
2020-01-20 21:24:49.202  INFO 70 --- [           main] o.h.h.i.QueryTranslatorFactoryInitiator  : HHH000397: Using ASTQueryTranslatorFactory
[INFO] Tests run: 1, Failures: 0, Errors: 0, Skipped: 0, Time elapsed: 22.801 s - in fr.unice.polytech.si5.al.creditrama.teamd.authorizationservice.AuthorizationServiceApplicationTests
2020-01-20 21:24:49.692  INFO 70 --- [       Thread-6] o.s.s.concurrent.ThreadPoolTaskExecutor  : Shutting down ExecutorService 'applicationTaskExecutor'
2020-01-20 21:24:49.703  INFO 70 --- [       Thread-6] j.LocalContainerEntityManagerFactoryBean : Closing JPA EntityManagerFactory for persistence unit 'default'
2020-01-20 21:24:49.704  INFO 70 --- [       Thread-6] .SchemaDropperImpl$DelayedDropActionImpl : HHH000477: Starting delayed evictData of schema as part of SessionFactory shut-down'
2020-01-20 21:24:49.707  WARN 70 --- [       Thread-6] o.h.engine.jdbc.spi.SqlExceptionHelper   : SQL Error: 90121, SQLState: 90121
2020-01-20 21:24:49.707 ERROR 70 --- [       Thread-6] o.h.engine.jdbc.spi.SqlExceptionHelper   : Database is already closed (to disable automatic closing at VM shutdown, add ";DB_CLOSE_ON_EXIT=FALSE" to the db URL) [90121-199]
2020-01-20 21:24:49.707  WARN 70 --- [       Thread-6] o.h.engine.jdbc.spi.SqlExceptionHelper   : SQL Error: 90121, SQLState: 90121
2020-01-20 21:24:49.707 ERROR 70 --- [       Thread-6] o.h.engine.jdbc.spi.SqlExceptionHelper   : Database is already closed (to disable automatic closing at VM shutdown, add ";DB_CLOSE_ON_EXIT=FALSE" to the db URL) [90121-199]
2020-01-20 21:24:49.708  WARN 70 --- [       Thread-6] o.s.b.f.support.DisposableBeanAdapter    : Invocation of destroy method failed on bean with name 'entityManagerFactory': org.hibernate.exception.JDBCConnectionException: Unable to release JDBC Connection used for DDL execution
2020-01-20 21:24:49.712  INFO 70 --- [       Thread-6] com.zaxxer.hikari.HikariDataSource       : HikariPool-1 - Shutdown initiated...
2020-01-20 21:24:49.715  INFO 70 --- [       Thread-6] com.zaxxer.hikari.HikariDataSource       : HikariPool-1 - Shutdown completed.
[INFO] 
[INFO] Results:
[INFO] 
[INFO] Tests run: 1, Failures: 0, Errors: 0, Skipped: 0
[INFO] 
[INFO] 
[INFO] --- maven-jar-plugin:3.1.2:jar (default-jar) @ authorization-service ---
[INFO] Building jar: /workspace/source/target/authorization-service-0.0.4.jar
[INFO] 
[INFO] --- spring-boot-maven-plugin:2.1.9.RELEASE:repackage (repackage) @ authorization-service ---
[INFO] Replacing main artifact with repackaged archive
[INFO] 
[INFO] --- maven-dependency-plugin:3.1.1:unpack (unpack) @ authorization-service ---
[INFO] Configured Artifact: fr.unice.polytech.si5.al.creditrama.teamd:authorization-service:0.0.4:jar
[INFO] Unpacking /workspace/source/target/authorization-service-0.0.4.jar to /workspace/source/target/dependency with includes "" and excludes ""
[INFO] 
[INFO] --- maven-install-plugin:2.5.2:install (default-install) @ authorization-service ---
[INFO] Installing /workspace/source/target/authorization-service-0.0.4.jar to /root/.mvnrepository/fr/unice/polytech/si5/al/creditrama/teamd/authorization-service/0.0.4/authorization-service-0.0.4.jar
[INFO] Installing /workspace/source/pom.xml to /root/.mvnrepository/fr/unice/polytech/si5/al/creditrama/teamd/authorization-service/0.0.4/authorization-service-0.0.4.pom
[INFO] 
[INFO] --- maven-deploy-plugin:2.8.2:deploy (default-deploy) @ authorization-service ---
[INFO] Using alternate deployment repository nexus::default::http://nexus/repository/maven-releases/
[INFO] ------------------------------------------------------------------------
[INFO] BUILD SUCCESS
[INFO] ------------------------------------------------------------------------
[INFO] Total time:  01:05 min
[INFO] Finished at: 2020-01-20T21:25:05Z
[INFO] ------------------------------------------------------------------------

Showing logs for build [32mpns-si5-al-creditrama-d-1920-cr-49j4l-3[0m stage [32mfrom-build-pack[0m and container [32mstep-build-skaffold-version[0m
v1.0.1

Showing logs for build [32mpns-si5-al-creditrama-d-1920-cr-49j4l-3[0m stage [32mfrom-build-pack[0m and container [32mstep-build-container-build[0m
[36mINFO[0m[0000] Downloading base image openjdk:8-jdk-slim    
2020/01/20 21:25:07 No matching credentials were found, falling back on anonymous
[36mINFO[0m[0001] Error while retrieving image from cache: getting file info: stat /workspace/sha256:1ca54f9636c527ec05550bf9bdcbc10a86ab6c28381db73ac3411466055dd300: no such file or directory 
[36mINFO[0m[0001] Downloading base image openjdk:8-jdk-slim    
2020/01/20 21:25:08 No matching credentials were found, falling back on anonymous
[36mINFO[0m[0002] cmd: EXPOSE                                  
[36mINFO[0m[0002] Adding exposed port: 8080/tcp                
[36mINFO[0m[0002] Using files from context: [/workspace/source/pom.xml] 
[36mINFO[0m[0002] Using files from context: [/workspace/source/target/authorization-service-0.0.4.jar] 
[36mINFO[0m[0002] Skipping unpacking as no commands require it. 
[36mINFO[0m[0002] Taking snapshot of full filesystem...        
[36mINFO[0m[0079] ENV PORT 8080                                
[36mINFO[0m[0079] No files changed in this command, skipping snapshotting. 
[36mINFO[0m[0079] ENV CLASSPATH /opt/lib                       
[36mINFO[0m[0079] No files changed in this command, skipping snapshotting. 
[36mINFO[0m[0079] EXPOSE 8080                                  
[36mINFO[0m[0079] cmd: EXPOSE                                  
[36mINFO[0m[0079] Adding exposed port: 8080/tcp                
[36mINFO[0m[0079] No files changed in this command, skipping snapshotting. 
[36mINFO[0m[0079] Using files from context: [/workspace/source/pom.xml] 
[36mINFO[0m[0079] COPY pom.xml target/lib* /opt/lib/           
[36mINFO[0m[0079] Taking snapshot of files...                  
[36mINFO[0m[0080] Using files from context: [/workspace/source/target/authorization-service-0.0.4.jar] 
[36mINFO[0m[0080] COPY target/*.jar /opt/app.jar               
[36mINFO[0m[0080] Taking snapshot of files...                  
[36mINFO[0m[0081] WORKDIR /opt                                 
[36mINFO[0m[0081] cmd: workdir                                 
[36mINFO[0m[0081] Changed working directory to /opt            
[36mINFO[0m[0081] No files changed in this command, skipping snapshotting. 
[36mINFO[0m[0081] CMD ["java", "-XX:+UnlockExperimentalVMOptions", "-XX:+UseCGroupMemoryLimitForHeap", "-jar", "app.jar"] 
[36mINFO[0m[0081] No files changed in this command, skipping snapshotting. 
2020/01/20 21:26:28 existing blob: sha256:2af781a14d60d4ac7ef41ca3bed9787d5bc332e74f0b64183528b9ae196b6aa4
2020/01/20 21:26:28 existing blob: sha256:e18af1784b1ff42bce5eb771c6fb00c06471e462db471e4821b42a75f99d1bee
2020/01/20 21:26:28 existing blob: sha256:8e866b0959566a21a8fa7eb2f7f12da0d12aa3498d6c31bb25a6ede1fa632ac2
2020/01/20 21:26:28 existing blob: sha256:8ec398bc03560e0fa56440e96da307cdf0b1ad153f459b52bca53ae7ddb8236d
2020/01/20 21:26:29 pushed blob: sha256:bfeff70cc7e716987133cb6c33351f87d42039bde5b2ab9953d6815d9a489d3d
2020/01/20 21:26:29 pushed blob: sha256:811f7df3c3da5185aa6f67483336c3ea5742bebbeae5a0ce1e7fe9c7fc0b5050
2020/01/20 21:26:30 pushed blob: sha256:165ea684b1d4aec16993a41826e69c99a0eea6b845fcdd2f6dea43bee69433d8
2020/01/20 21:26:31 docker-registry.default.svc:5000/pns-si5-al-creditrama-d-1920/creditrama-team-d-authorization-service:0.0.4: digest: sha256:0f1eda1880e5781d19e2aa99d808ebc839ab705aa8ef980f54a5348d1dd0b14d size: 1245

Showing logs for build [32mpns-si5-al-creditrama-d-1920-cr-49j4l-3[0m stage [32mfrom-build-pack[0m and container [32mstep-build-post-build[0m
no CVE provider running in the current ** namespace so skip adding image to be analysed

Showing logs for build [32mpns-si5-al-creditrama-d-1920-cr-49j4l-3[0m stage [32mfrom-build-pack[0m and container [32mstep-promote-changelog[0m
Converted /workspace/source/charts/creditrama-team-d-authorization-service to an unshallow repository
Generating change log from git ref c452eba6e29495ab2d938c7df075e97218d609e4 => 5bc264e3ecda04f37ab6c2d0d146127cadd262f8
WARNING: No release found for pns-si5-al-creditrama-d-1920/creditrama-team-d-authorization-service and tag v0.0.4 so creating a new release
Updated the release information at https://github.com/pns-si5-al-creditrama-d-1920/creditrama-team-d-authorization-service/releases/tag/v0.0.4
generated: /workspace/source/charts/creditrama-team-d-authorization-service/templates/release.yaml
Created Release creditrama-team-d-authorization-service-0-0-4 resource in namespace **
Updating PipelineActivity pns-si5-al-creditrama-d-1920-creditrama-team-d-authorization-service-master-3 with version 0.0.4
Updated PipelineActivities pns-si5-al-creditrama-d-1920-creditrama-team-d-authorization-service-master-3 with release notes URL: https://github.com/pns-si5-al-creditrama-d-1920/creditrama-team-d-authorization-service/releases/tag/v0.0.4

Showing logs for build [32mpns-si5-al-creditrama-d-1920-cr-49j4l-3[0m stage [32mfrom-build-pack[0m and container [32mstep-promote-helm-release[0m
WARNING: No $CHART_REPOSITORY defined so using the default value of: http://jenkins-x-chartmuseum:8080
Adding missing Helm repo: storage.googleapis.com https://storage.googleapis.com/chartmuseum.jenkins-x.io
Successfully added Helm repository storage.googleapis.com.
Adding missing Helm repo: jenkins-x-chartmuseum http://jenkins-x-chartmuseum:8080
Successfully added Helm repository jenkins-x-chartmuseum.
WARNING: No $CHART_REPOSITORY defined so using the default value of: http://jenkins-x-chartmuseum:8080
Uploading chart file creditrama-team-d-authorization-service-0.0.4.tgz to http://jenkins-x-chartmuseum:8080/api/charts
Received 201 response: {"saved":true}

Showing logs for build [32mpns-si5-al-creditrama-d-1920-cr-49j4l-3[0m stage [32mfrom-build-pack[0m and container [32mstep-promote-jx-promote[0m
WARNING: prow based install so skip waiting for the merge of Pull Requests to go green as currently there is an issue with gettingstatuses from the PR, see https://github.com/jenkins-x/**/issues/2410
WARNING: No $CHART_REPOSITORY defined so using the default value of: http://jenkins-x-chartmuseum:8080
Promoting app creditrama-team-d-authorization-service version 0.0.4 to namespace pns-si5-al-creditrama-d-1920
Created Pull Request: https://github.com/************/environment-**-github-alexis/pull/5
Added label updatebot to Pull Request https://github.com/************/environment-**-github-alexis/pull/5
WARNING: Failed to query the Pull Request last commit status for https://github.com/************/environment-**-github-alexis/pull/5 ref c5951702933d6f558dd81059bf3e1e532495a1d4 Could not find a status for repository ************/environment-**-github-alexis with ref c5951702933d6f558dd81059bf3e1e532495a1d4
WARNING: Failed to query the Pull Request last commit status for https://github.com/************/environment-**-github-alexis/pull/5 ref c5951702933d6f558dd81059bf3e1e532495a1d4 Could not find a status for repository ************/environment-**-github-alexis with ref c5951702933d6f558dd81059bf3e1e532495a1d4
WARNING: Failed to query the Pull Request last commit status for https://github.com/************/environment-**-github-alexis/pull/5 ref c5951702933d6f558dd81059bf3e1e532495a1d4 Could not find a status for repository ************/environment-**-github-alexis with ref c5951702933d6f558dd81059bf3e1e532495a1d4
WARNING: Failed to query the Pull Request last commit status for https://github.com/************/environment-**-github-alexis/pull/5 ref c5951702933d6f558dd81059bf3e1e532495a1d4 Could not find a status for repository ************/environment-**-github-alexis with ref c5951702933d6f558dd81059bf3e1e532495a1d4
WARNING: Failed to query the Pull Request last commit status for https://github.com/************/environment-**-github-alexis/pull/5 ref c5951702933d6f558dd81059bf3e1e532495a1d4 Could not find a status for repository ************/environment-**-github-alexis with ref c5951702933d6f558dd81059bf3e1e532495a1d4
WARNING: Failed to query the Pull Request last commit status for https://github.com/************/environment-**-github-alexis/pull/5 ref c5951702933d6f558dd81059bf3e1e532495a1d4 Could not find a status for repository ************/environment-**-github-alexis with ref c5951702933d6f558dd81059bf3e1e532495a1d4
WARNING: Failed to query the Pull Request last commit status for https://github.com/************/environment-**-github-alexis/pull/5 ref c5951702933d6f558dd81059bf3e1e532495a1d4 Could not find a status for repository ************/environment-**-github-alexis with ref c5951702933d6f558dd81059bf3e1e532495a1d4
WARNING: Failed to query the Pull Request last commit status for https://github.com/************/environment-**-github-alexis/pull/5 ref c5951702933d6f558dd81059bf3e1e532495a1d4 Could not find a status for repository ************/environment-**-github-alexis with ref c5951702933d6f558dd81059bf3e1e532495a1d4
Rebasing PullRequest due to conflict
Attempting to cherry pick commits that were on promote-creditrama-team-d-authorization-service-0.0.4 but not yet pushed
WARNING: Failed to query the Pull Request last commit status for https://github.com/************/environment-**-github-alexis/pull/5 ref 0d41702653e2902daf1060b03a057e69e9ed7aff Could not find a status for repository ************/environment-**-github-alexis with ref 0d41702653e2902daf1060b03a057e69e9ed7aff
WARNING: Failed to query the Pull Request last commit status for https://github.com/************/environment-**-github-alexis/pull/5 ref 0d41702653e2902daf1060b03a057e69e9ed7aff Could not find a status for repository ************/environment-**-github-alexis with ref 0d41702653e2902daf1060b03a057e69e9ed7aff
Pull Request https://github.com/************/environment-**-github-alexis/pull/5 is merged at sha a7b4c2c24f21d0d6de5a5105ae2db32e90a7f10b
Pull Request merged but we are not waiting for the update pipeline to complete!
WARNING: Could not find the service URL in namespace pns-si5-al-creditrama-d-1920 for names creditrama-team-d-authorization-service, pns-si5-al-creditrama-d-1920-creditrama-team-d-authorization-service, pns-si5-al-creditrama-d-1920-creditrama-team-d-authorization-service
